0 info it worked if it ends with ok
1 verbose cli [ '/usr/local/bin/node', '/usr/local/bin/npm', 'i', 'sleep' ]
2 info using npm@3.10.10
3 info using node@v6.11.4
4 silly loadCurrentTree Starting
5 silly install loadCurrentTree
6 silly install readLocalPackageData
7 silly fetchPackageMetaData sleep
8 silly fetchNamedPackageData sleep
9 silly mapToRegistry name sleep
10 silly mapToRegistry using default registry
11 silly mapToRegistry registry https://registry.npmjs.org/
12 silly mapToRegistry data Result {
12 silly mapToRegistry   raw: 'sleep',
12 silly mapToRegistry   scope: null,
12 silly mapToRegistry   escapedName: 'sleep',
12 silly mapToRegistry   name: 'sleep',
12 silly mapToRegistry   rawSpec: '',
12 silly mapToRegistry   spec: 'latest',
12 silly mapToRegistry   type: 'tag' }
13 silly mapToRegistry uri https://registry.npmjs.org/sleep
14 verbose request uri https://registry.npmjs.org/sleep
15 verbose request no auth needed
16 info attempt registry request try #1 at 22:45:37
17 verbose request id f6ffbef62fd23750
18 verbose etag W/"4cd363b3c2c234eee6d5b01dbd776b64"
19 verbose lastModified Tue, 07 May 2019 09:38:11 GMT
20 http request GET https://registry.npmjs.org/sleep
21 http 304 https://registry.npmjs.org/sleep
22 verbose headers { date: 'Tue, 17 Sep 2019 20:45:38 GMT',
22 verbose headers   connection: 'keep-alive',
22 verbose headers   'set-cookie': [ '__cfduid=dc241b6faaa338523aee561ecd5bf1d721568753137; expires=Wed, 16-Sep-20 20:45:37 GMT; path=/; domain=.npmjs.org; HttpOnly' ],
22 verbose headers   'cf-cache-status': 'REVALIDATED',
22 verbose headers   'cache-control': 'max-age=300',
22 verbose headers   'cf-ray': '517decc6bf7c2f8d-MAD',
22 verbose headers   etag: '"4cd363b3c2c234eee6d5b01dbd776b64"',
22 verbose headers   'expect-ct': 'max-age=604800, report-uri="https://report-uri.cloudflare.com/cdn-cgi/beacon/expect-ct"',
22 verbose headers   'last-modified': 'Tue, 07 May 2019 09:38:11 GMT',
22 verbose headers   vary: 'accept-encoding, accept',
22 verbose headers   'x-amz-meta-rev': '80-9f659df4987ac0d544456386cf7740aa',
22 verbose headers   server: 'cloudflare' }
23 silly get cb [ 304,
23 silly get   { date: 'Tue, 17 Sep 2019 20:45:38 GMT',
23 silly get     connection: 'keep-alive',
23 silly get     'set-cookie': [ '__cfduid=dc241b6faaa338523aee561ecd5bf1d721568753137; expires=Wed, 16-Sep-20 20:45:37 GMT; path=/; domain=.npmjs.org; HttpOnly' ],
23 silly get     'cf-cache-status': 'REVALIDATED',
23 silly get     'cache-control': 'max-age=300',
23 silly get     'cf-ray': '517decc6bf7c2f8d-MAD',
23 silly get     etag: '"4cd363b3c2c234eee6d5b01dbd776b64"',
23 silly get     'expect-ct': 'max-age=604800, report-uri="https://report-uri.cloudflare.com/cdn-cgi/beacon/expect-ct"',
23 silly get     'last-modified': 'Tue, 07 May 2019 09:38:11 GMT',
23 silly get     vary: 'accept-encoding, accept',
23 silly get     'x-amz-meta-rev': '80-9f659df4987ac0d544456386cf7740aa',
23 silly get     server: 'cloudflare' } ]
24 verbose etag https://registry.npmjs.org/sleep from cache
25 verbose get saving sleep to /Users/javierfuentes/.npm/registry.npmjs.org/sleep/.cache.json
26 verbose correctMkdir /Users/javierfuentes/.npm correctMkdir not in flight; initializing
27 silly install normalizeTree
28 silly loadCurrentTree Finishing
29 silly loadIdealTree Starting
30 silly install loadIdealTree
31 silly cloneCurrentTree Starting
32 silly install cloneCurrentTreeToIdealTree
33 silly cloneCurrentTree Finishing
34 silly loadShrinkwrap Starting
35 silly install loadShrinkwrap
36 silly loadShrinkwrap Finishing
37 silly loadAllDepsIntoIdealTree Starting
38 silly install loadAllDepsIntoIdealTree
39 silly resolveWithNewModule sleep@6.1.0 checking installable status
40 silly cache add args [ 'sleep', null ]
41 verbose cache add spec sleep
42 silly cache add parsed spec Result {
42 silly cache add   raw: 'sleep',
42 silly cache add   scope: null,
42 silly cache add   escapedName: 'sleep',
42 silly cache add   name: 'sleep',
42 silly cache add   rawSpec: '',
42 silly cache add   spec: 'latest',
42 silly cache add   type: 'tag' }
43 silly addNamed sleep@latest
44 verbose addNamed "latest" is being treated as a dist-tag for sleep
45 info addNameTag [ 'sleep', 'latest' ]
46 silly mapToRegistry name sleep
47 silly mapToRegistry using default registry
48 silly mapToRegistry registry https://registry.npmjs.org/
49 silly mapToRegistry data Result {
49 silly mapToRegistry   raw: 'sleep',
49 silly mapToRegistry   scope: null,
49 silly mapToRegistry   escapedName: 'sleep',
49 silly mapToRegistry   name: 'sleep',
49 silly mapToRegistry   rawSpec: '',
49 silly mapToRegistry   spec: 'latest',
49 silly mapToRegistry   type: 'tag' }
50 silly mapToRegistry uri https://registry.npmjs.org/sleep
51 verbose addNameTag registry:https://registry.npmjs.org/sleep not in flight; fetching
52 verbose get https://registry.npmjs.org/sleep not expired, no request
53 silly addNameTag next cb for sleep with tag latest
54 silly addNamed sleep@6.1.0
55 verbose addNamed "6.1.0" is a plain semver version for sleep
56 silly cache afterAdd sleep@6.1.0
57 verbose afterAdd /Users/javierfuentes/.npm/sleep/6.1.0/package/package.json not in flight; writing
58 verbose correctMkdir /Users/javierfuentes/.npm correctMkdir not in flight; initializing
59 verbose afterAdd /Users/javierfuentes/.npm/sleep/6.1.0/package/package.json written
60 silly loadAllDepsIntoIdealTree Finishing
61 silly loadIdealTree Finishing
62 silly currentTree cdrtweetbot@1.0.0
62 silly currentTree ├── ansi-colors@3.2.3
62 silly currentTree ├── ansi-regex@3.0.0
62 silly currentTree ├── ansi-styles@3.2.1
62 silly currentTree ├── argparse@1.0.10
62 silly currentTree ├── balanced-match@1.0.0
62 silly currentTree ├── brace-expansion@1.1.11
62 silly currentTree ├── browser-stdout@1.3.1
62 silly currentTree ├── camelcase@5.3.1
62 silly currentTree ├─┬ chalk@2.4.2
62 silly currentTree │ └── supports-color@5.5.0
62 silly currentTree ├── cliui@4.1.0
62 silly currentTree ├── code-point-at@1.1.0
62 silly currentTree ├── color-convert@1.9.3
62 silly currentTree ├── color-name@1.1.3
62 silly currentTree ├── concat-map@0.0.1
62 silly currentTree ├── cross-spawn@6.0.5
62 silly currentTree ├── debug@3.2.6
62 silly currentTree ├── decamelize@1.2.0
62 silly currentTree ├── define-properties@1.1.3
62 silly currentTree ├── diff@3.5.0
62 silly currentTree ├── emoji-regex@7.0.3
62 silly currentTree ├── end-of-stream@1.4.1
62 silly currentTree ├── es-abstract@1.14.2
62 silly currentTree ├── es-to-primitive@1.2.0
62 silly currentTree ├── escape-string-regexp@1.0.5
62 silly currentTree ├── esprima@4.0.1
62 silly currentTree ├── execa@1.0.0
62 silly currentTree ├── find-up@3.0.0
62 silly currentTree ├── flat@4.1.0
62 silly currentTree ├── fs.realpath@1.0.0
62 silly currentTree ├── function-bind@1.1.1
62 silly currentTree ├── get-caller-file@2.0.5
62 silly currentTree ├── get-stream@4.1.0
62 silly currentTree ├── glob@7.1.3
62 silly currentTree ├── growl@1.10.5
62 silly currentTree ├── has-flag@3.0.0
62 silly currentTree ├── has-symbols@1.0.0
62 silly currentTree ├── has@1.0.3
62 silly currentTree ├── he@1.2.0
62 silly currentTree ├── inflight@1.0.6
62 silly currentTree ├── inherits@2.0.4
62 silly currentTree ├── invert-kv@2.0.0
62 silly currentTree ├── is-buffer@2.0.3
62 silly currentTree ├── is-callable@1.1.4
62 silly currentTree ├── is-date-object@1.0.1
62 silly currentTree ├── is-fullwidth-code-point@2.0.0
62 silly currentTree ├── is-regex@1.0.4
62 silly currentTree ├── is-stream@1.1.0
62 silly currentTree ├── is-symbol@1.0.2
62 silly currentTree ├── isexe@2.0.0
62 silly currentTree ├── js-yaml@3.13.1
62 silly currentTree ├── lcid@2.0.0
62 silly currentTree ├── locate-path@3.0.0
62 silly currentTree ├── lodash@4.17.15
62 silly currentTree ├── log-symbols@2.2.0
62 silly currentTree ├── map-age-cleaner@0.1.3
62 silly currentTree ├── mem@4.3.0
62 silly currentTree ├── mimic-fn@2.1.0
62 silly currentTree ├── minimatch@3.0.4
62 silly currentTree ├── minimist@0.0.8
62 silly currentTree ├── mkdirp@0.5.1
62 silly currentTree ├── mocha@6.2.0
62 silly currentTree ├── ms@2.1.1
62 silly currentTree ├── nan@2.14.0
62 silly currentTree ├── nice-try@1.0.5
62 silly currentTree ├── node-environment-flags@1.0.5
62 silly currentTree ├── npm-run-path@2.0.2
62 silly currentTree ├── number-is-nan@1.0.1
62 silly currentTree ├── object-inspect@1.6.0
62 silly currentTree ├── object-keys@1.1.1
62 silly currentTree ├── object.assign@4.1.0
62 silly currentTree ├── object.getownpropertydescriptors@2.0.3
62 silly currentTree ├── once@1.4.0
62 silly currentTree ├── os-locale@3.1.0
62 silly currentTree ├── p-defer@1.0.0
62 silly currentTree ├── p-finally@1.0.0
62 silly currentTree ├── p-is-promise@2.1.0
62 silly currentTree ├── p-limit@2.2.1
62 silly currentTree ├── p-locate@3.0.0
62 silly currentTree ├── p-try@2.2.0
62 silly currentTree ├── path-exists@3.0.0
62 silly currentTree ├── path-is-absolute@1.0.1
62 silly currentTree ├── path-key@2.0.1
62 silly currentTree ├── pump@3.0.0
62 silly currentTree ├── require-directory@2.1.1
62 silly currentTree ├── require-main-filename@2.0.0
62 silly currentTree ├── semver@5.7.1
62 silly currentTree ├── set-blocking@2.0.0
62 silly currentTree ├── shebang-command@1.2.0
62 silly currentTree ├── shebang-regex@1.0.0
62 silly currentTree ├── signal-exit@3.0.2
62 silly currentTree ├── sprintf-js@1.0.3
62 silly currentTree ├── string-width@2.1.1
62 silly currentTree ├── string.prototype.trimleft@2.1.0
62 silly currentTree ├── string.prototype.trimright@2.1.0
62 silly currentTree ├── strip-ansi@4.0.0
62 silly currentTree ├── strip-eof@1.0.0
62 silly currentTree ├── strip-json-comments@2.0.1
62 silly currentTree ├── supports-color@6.0.0
62 silly currentTree ├── which-module@2.0.0
62 silly currentTree ├── which@1.3.1
62 silly currentTree ├── wide-align@1.1.3
62 silly currentTree ├─┬ wrap-ansi@2.1.0
62 silly currentTree │ ├── ansi-regex@2.1.1
62 silly currentTree │ ├── is-fullwidth-code-point@1.0.0
62 silly currentTree │ ├── string-width@1.0.2
62 silly currentTree │ └── strip-ansi@3.0.1
62 silly currentTree ├── wrappy@1.0.2
62 silly currentTree ├── y18n@4.0.0
62 silly currentTree ├── yargs-parser@13.0.0
62 silly currentTree ├─┬ yargs-unparser@1.5.0
62 silly currentTree │ ├── get-caller-file@1.0.3
62 silly currentTree │ ├── require-main-filename@1.0.1
62 silly currentTree │ ├── yargs-parser@11.1.1
62 silly currentTree │ └── yargs@12.0.5
62 silly currentTree └─┬ yargs@13.2.2
62 silly currentTree   ├── ansi-regex@4.1.0
62 silly currentTree   ├── string-width@3.1.0
62 silly currentTree   └── strip-ansi@5.2.0
63 silly idealTree cdrtweetbot@1.0.0
63 silly idealTree ├── ansi-colors@3.2.3
63 silly idealTree ├── ansi-regex@3.0.0
63 silly idealTree ├── ansi-styles@3.2.1
63 silly idealTree ├── argparse@1.0.10
63 silly idealTree ├── balanced-match@1.0.0
63 silly idealTree ├── brace-expansion@1.1.11
63 silly idealTree ├── browser-stdout@1.3.1
63 silly idealTree ├── camelcase@5.3.1
63 silly idealTree ├─┬ chalk@2.4.2
63 silly idealTree │ └── supports-color@5.5.0
63 silly idealTree ├── cliui@4.1.0
63 silly idealTree ├── code-point-at@1.1.0
63 silly idealTree ├── color-convert@1.9.3
63 silly idealTree ├── color-name@1.1.3
63 silly idealTree ├── concat-map@0.0.1
63 silly idealTree ├── cross-spawn@6.0.5
63 silly idealTree ├── debug@3.2.6
63 silly idealTree ├── decamelize@1.2.0
63 silly idealTree ├── define-properties@1.1.3
63 silly idealTree ├── diff@3.5.0
63 silly idealTree ├── emoji-regex@7.0.3
63 silly idealTree ├── end-of-stream@1.4.1
63 silly idealTree ├── es-abstract@1.14.2
63 silly idealTree ├── es-to-primitive@1.2.0
63 silly idealTree ├── escape-string-regexp@1.0.5
63 silly idealTree ├── esprima@4.0.1
63 silly idealTree ├── execa@1.0.0
63 silly idealTree ├── find-up@3.0.0
63 silly idealTree ├── flat@4.1.0
63 silly idealTree ├── fs.realpath@1.0.0
63 silly idealTree ├── function-bind@1.1.1
63 silly idealTree ├── get-caller-file@2.0.5
63 silly idealTree ├── get-stream@4.1.0
63 silly idealTree ├── glob@7.1.3
63 silly idealTree ├── growl@1.10.5
63 silly idealTree ├── has-flag@3.0.0
63 silly idealTree ├── has-symbols@1.0.0
63 silly idealTree ├── has@1.0.3
63 silly idealTree ├── he@1.2.0
63 silly idealTree ├── inflight@1.0.6
63 silly idealTree ├── inherits@2.0.4
63 silly idealTree ├── invert-kv@2.0.0
63 silly idealTree ├── is-buffer@2.0.3
63 silly idealTree ├── is-callable@1.1.4
63 silly idealTree ├── is-date-object@1.0.1
63 silly idealTree ├── is-fullwidth-code-point@2.0.0
63 silly idealTree ├── is-regex@1.0.4
63 silly idealTree ├── is-stream@1.1.0
63 silly idealTree ├── is-symbol@1.0.2
63 silly idealTree ├── isexe@2.0.0
63 silly idealTree ├── js-yaml@3.13.1
63 silly idealTree ├── lcid@2.0.0
63 silly idealTree ├── locate-path@3.0.0
63 silly idealTree ├── lodash@4.17.15
63 silly idealTree ├── log-symbols@2.2.0
63 silly idealTree ├── map-age-cleaner@0.1.3
63 silly idealTree ├── mem@4.3.0
63 silly idealTree ├── mimic-fn@2.1.0
63 silly idealTree ├── minimatch@3.0.4
63 silly idealTree ├── minimist@0.0.8
63 silly idealTree ├── mkdirp@0.5.1
63 silly idealTree ├── mocha@6.2.0
63 silly idealTree ├── ms@2.1.1
63 silly idealTree ├── nan@2.14.0
63 silly idealTree ├── nice-try@1.0.5
63 silly idealTree ├── node-environment-flags@1.0.5
63 silly idealTree ├── npm-run-path@2.0.2
63 silly idealTree ├── number-is-nan@1.0.1
63 silly idealTree ├── object-inspect@1.6.0
63 silly idealTree ├── object-keys@1.1.1
63 silly idealTree ├── object.assign@4.1.0
63 silly idealTree ├── object.getownpropertydescriptors@2.0.3
63 silly idealTree ├── once@1.4.0
63 silly idealTree ├── os-locale@3.1.0
63 silly idealTree ├── p-defer@1.0.0
63 silly idealTree ├── p-finally@1.0.0
63 silly idealTree ├── p-is-promise@2.1.0
63 silly idealTree ├── p-limit@2.2.1
63 silly idealTree ├── p-locate@3.0.0
63 silly idealTree ├── p-try@2.2.0
63 silly idealTree ├── path-exists@3.0.0
63 silly idealTree ├── path-is-absolute@1.0.1
63 silly idealTree ├── path-key@2.0.1
63 silly idealTree ├── pump@3.0.0
63 silly idealTree ├── require-directory@2.1.1
63 silly idealTree ├── require-main-filename@2.0.0
63 silly idealTree ├── semver@5.7.1
63 silly idealTree ├── set-blocking@2.0.0
63 silly idealTree ├── shebang-command@1.2.0
63 silly idealTree ├── shebang-regex@1.0.0
63 silly idealTree ├── signal-exit@3.0.2
63 silly idealTree ├── sleep@6.1.0
63 silly idealTree ├── sprintf-js@1.0.3
63 silly idealTree ├── string-width@2.1.1
63 silly idealTree ├── string.prototype.trimleft@2.1.0
63 silly idealTree ├── string.prototype.trimright@2.1.0
63 silly idealTree ├── strip-ansi@4.0.0
63 silly idealTree ├── strip-eof@1.0.0
63 silly idealTree ├── strip-json-comments@2.0.1
63 silly idealTree ├── supports-color@6.0.0
63 silly idealTree ├── which-module@2.0.0
63 silly idealTree ├── which@1.3.1
63 silly idealTree ├── wide-align@1.1.3
63 silly idealTree ├─┬ wrap-ansi@2.1.0
63 silly idealTree │ ├── ansi-regex@2.1.1
63 silly idealTree │ ├── is-fullwidth-code-point@1.0.0
63 silly idealTree │ ├── string-width@1.0.2
63 silly idealTree │ └── strip-ansi@3.0.1
63 silly idealTree ├── wrappy@1.0.2
63 silly idealTree ├── y18n@4.0.0
63 silly idealTree ├── yargs-parser@13.0.0
63 silly idealTree ├─┬ yargs-unparser@1.5.0
63 silly idealTree │ ├── get-caller-file@1.0.3
63 silly idealTree │ ├── require-main-filename@1.0.1
63 silly idealTree │ ├── yargs-parser@11.1.1
63 silly idealTree │ └── yargs@12.0.5
63 silly idealTree └─┬ yargs@13.2.2
63 silly idealTree   ├── ansi-regex@4.1.0
63 silly idealTree   ├── string-width@3.1.0
63 silly idealTree   └── strip-ansi@5.2.0
64 silly generateActionsToTake Starting
65 silly install generateActionsToTake
66 silly generateActionsToTake Finishing
67 silly diffTrees action count 1
68 silly diffTrees add sleep@6.1.0
69 silly decomposeActions action count 8
70 silly decomposeActions fetch sleep@6.1.0
71 silly decomposeActions extract sleep@6.1.0
72 silly decomposeActions test sleep@6.1.0
73 silly decomposeActions preinstall sleep@6.1.0
74 silly decomposeActions build sleep@6.1.0
75 silly decomposeActions install sleep@6.1.0
76 silly decomposeActions postinstall sleep@6.1.0
77 silly decomposeActions finalize sleep@6.1.0
78 silly runTopLevelLifecycles Starting
79 silly executeActions Starting
80 silly install executeActions
81 silly doSerial global-install 0
82 silly doParallel fetch 1
83 verbose correctMkdir /Users/javierfuentes/.npm/_locks correctMkdir not in flight; initializing
84 verbose lock using /Users/javierfuentes/.npm/_locks/staging-c48af309aa2710b5.lock for /Users/javierfuentes/Documents/javi/04 - work/03 - Reportaro/99 - work/twitterbot/cdrtweetbot/node_modules/.staging
85 silly doParallel extract 1
86 silly extract sleep@6.1.0
87 verbose unbuild node_modules/.staging/sleep-53a0d24a
88 silly gentlyRm /Users/javierfuentes/Documents/javi/04 - work/03 - Reportaro/99 - work/twitterbot/cdrtweetbot/node_modules/.staging/sleep-53a0d24a is being purged from base /Users/javierfuentes/Documents/javi/04 - work/03 - Reportaro/99 - work/twitterbot/cdrtweetbot
89 verbose gentlyRm don't care about contents; nuking /Users/javierfuentes/Documents/javi/04 - work/03 - Reportaro/99 - work/twitterbot/cdrtweetbot/node_modules/.staging/sleep-53a0d24a
90 verbose tar unpack /Users/javierfuentes/.npm/sleep/6.1.0/package.tgz
91 verbose tar unpacking to /Users/javierfuentes/Documents/javi/04 - work/03 - Reportaro/99 - work/twitterbot/cdrtweetbot/node_modules/.staging/sleep-53a0d24a
92 silly gentlyRm /Users/javierfuentes/Documents/javi/04 - work/03 - Reportaro/99 - work/twitterbot/cdrtweetbot/node_modules/.staging/sleep-53a0d24a is being purged
93 verbose gentlyRm don't care about contents; nuking /Users/javierfuentes/Documents/javi/04 - work/03 - Reportaro/99 - work/twitterbot/cdrtweetbot/node_modules/.staging/sleep-53a0d24a
94 silly gunzTarPerm modes [ '755', '644' ]
95 silly gunzTarPerm extractEntry package.json
96 silly gunzTarPerm modified mode [ 'package.json', 436, 420 ]
97 silly gunzTarPerm extractEntry .travis.yml
98 silly gunzTarPerm modified mode [ '.travis.yml', 436, 420 ]
99 silly gunzTarPerm extractEntry appveyor.yml
100 silly gunzTarPerm modified mode [ 'appveyor.yml', 436, 420 ]
101 silly gunzTarPerm extractEntry binding.gyp
102 silly gunzTarPerm modified mode [ 'binding.gyp', 436, 420 ]
103 silly gunzTarPerm extractEntry index.js
104 silly gunzTarPerm modified mode [ 'index.js', 436, 420 ]
105 silly gunzTarPerm extractEntry LICENSE.txt
106 silly gunzTarPerm modified mode [ 'LICENSE.txt', 436, 420 ]
107 silly gunzTarPerm extractEntry module_init.cc
108 silly gunzTarPerm modified mode [ 'module_init.cc', 436, 420 ]
109 silly gunzTarPerm extractEntry README.md
110 silly gunzTarPerm modified mode [ 'README.md', 436, 420 ]
111 silly gunzTarPerm extractEntry sleep_cpp11.cc
112 silly gunzTarPerm modified mode [ 'sleep_cpp11.cc', 436, 420 ]
113 silly gunzTarPerm extractEntry sleep_posix.cc
114 silly gunzTarPerm modified mode [ 'sleep_posix.cc', 436, 420 ]
115 silly gunzTarPerm extractEntry sleep_win.cc
116 silly gunzTarPerm modified mode [ 'sleep_win.cc', 436, 420 ]
117 silly gunzTarPerm extractEntry sleep.h
118 silly gunzTarPerm modified mode [ 'sleep.h', 436, 420 ]
119 silly gunzTarPerm extractEntry test.js
120 silly gunzTarPerm modified mode [ 'test.js', 436, 420 ]
121 silly gentlyRm /Users/javierfuentes/Documents/javi/04 - work/03 - Reportaro/99 - work/twitterbot/cdrtweetbot/node_modules/.staging/sleep-53a0d24a/node_modules is being purged
122 verbose gentlyRm don't care about contents; nuking /Users/javierfuentes/Documents/javi/04 - work/03 - Reportaro/99 - work/twitterbot/cdrtweetbot/node_modules/.staging/sleep-53a0d24a/node_modules
123 silly doParallel preinstall 1
124 silly preinstall sleep@6.1.0 /Users/javierfuentes/Documents/javi/04 - work/03 - Reportaro/99 - work/twitterbot/cdrtweetbot/node_modules/.staging/sleep-53a0d24a
125 info lifecycle sleep@6.1.0~preinstall: sleep@6.1.0
126 silly lifecycle sleep@6.1.0~preinstall: no script for preinstall, continuing
127 silly doReverseSerial remove 0
128 silly doSerial move 0
129 silly doSerial finalize 1
130 silly finalize /Users/javierfuentes/Documents/javi/04 - work/03 - Reportaro/99 - work/twitterbot/cdrtweetbot/node_modules/sleep
131 silly doSerial build 1
132 silly build sleep@6.1.0
133 info linkStuff sleep@6.1.0
134 silly linkStuff sleep@6.1.0 has /Users/javierfuentes/Documents/javi/04 - work/03 - Reportaro/99 - work/twitterbot/cdrtweetbot/node_modules as its parent node_modules
135 verbose linkBins sleep@6.1.0
136 verbose linkMans sleep@6.1.0
137 silly doSerial global-link 0
138 silly doParallel update-linked 0
139 silly doSerial install 1
140 silly install sleep@6.1.0 /Users/javierfuentes/Documents/javi/04 - work/03 - Reportaro/99 - work/twitterbot/cdrtweetbot/node_modules/.staging/sleep-53a0d24a
141 info lifecycle sleep@6.1.0~install: sleep@6.1.0
142 verbose lifecycle sleep@6.1.0~install: unsafe-perm in lifecycle true
143 verbose lifecycle sleep@6.1.0~install: PATH: /usr/local/lib/node_modules/npm/bin/node-gyp-bin:/Users/javierfuentes/Documents/javi/04 - work/03 - Reportaro/99 - work/twitterbot/cdrtweetbot/node_modules/sleep/node_modules/.bin:/Users/javierfuentes/Documents/javi/04 - work/03 - Reportaro/99 - work/twitterbot/cdrtweetbot/node_modules/.bin:/usr/local/bin:/usr/bin:/bin:/usr/sbin:/sbin
144 verbose lifecycle sleep@6.1.0~install: CWD: /Users/javierfuentes/Documents/javi/04 - work/03 - Reportaro/99 - work/twitterbot/cdrtweetbot/node_modules/sleep
145 silly lifecycle sleep@6.1.0~install: Args: [ '-c', 'node-gyp rebuild' ]
146 silly lifecycle sleep@6.1.0~install: Returned: code: 1  signal: null
147 info lifecycle sleep@6.1.0~install: Failed to exec install script
148 verbose unlock done using /Users/javierfuentes/.npm/_locks/staging-c48af309aa2710b5.lock for /Users/javierfuentes/Documents/javi/04 - work/03 - Reportaro/99 - work/twitterbot/cdrtweetbot/node_modules/.staging
149 silly rollbackFailedOptional Starting
150 silly rollbackFailedOptional Finishing
151 silly runTopLevelLifecycles Finishing
152 silly install printInstalled
153 warn cdrtweetbot@1.0.0 No repository field.
154 verbose If you need help, you may report this error at:
154 verbose     <https://github.com/npm/npm/issues>
155 warn cdrtweetbot@1.0.0 No license field.
156 verbose If you need help, you may report this error at:
156 verbose     <https://github.com/npm/npm/issues>
157 verbose stack Error: sleep@6.1.0 install: `node-gyp rebuild`
157 verbose stack Exit status 1
157 verbose stack     at EventEmitter.<anonymous> (/usr/local/lib/node_modules/npm/lib/utils/lifecycle.js:255:16)
157 verbose stack     at emitTwo (events.js:106:13)
157 verbose stack     at EventEmitter.emit (events.js:191:7)
157 verbose stack     at ChildProcess.<anonymous> (/usr/local/lib/node_modules/npm/lib/utils/spawn.js:40:14)
157 verbose stack     at emitTwo (events.js:106:13)
157 verbose stack     at ChildProcess.emit (events.js:191:7)
157 verbose stack     at maybeClose (internal/child_process.js:920:16)
157 verbose stack     at Process.ChildProcess._handle.onexit (internal/child_process.js:230:5)
158 verbose pkgid sleep@6.1.0
159 verbose cwd /Users/javierfuentes/Documents/javi/04 - work/03 - Reportaro/99 - work/twitterbot/cdrtweetbot
160 error Darwin 18.7.0
161 error argv "/usr/local/bin/node" "/usr/local/bin/npm" "i" "sleep"
162 error node v6.11.4
163 error npm  v3.10.10
164 error code ELIFECYCLE
165 error sleep@6.1.0 install: `node-gyp rebuild`
165 error Exit status 1
166 error Failed at the sleep@6.1.0 install script 'node-gyp rebuild'.
166 error Make sure you have the latest version of node.js and npm installed.
166 error If you do, this is most likely a problem with the sleep package,
166 error not with npm itself.
166 error Tell the author that this fails on your system:
166 error     node-gyp rebuild
166 error You can get information on how to open an issue for this project with:
166 error     npm bugs sleep
166 error Or if that isn't available, you can get their info via:
166 error     npm owner ls sleep
166 error There is likely additional logging output above.
167 verbose exit [ 1, true ]
